<?xml version="1.0" encoding="UTF-8"?>
<!-- Generated by org.testng.reporters.JUnitReportReporter -->
<testsuite skipped="0" hostname="DESKTOP-FCM1MHD" name="restAssuredDemo.RestAssuredAPICookies3" tests="1" failures="0" timestamp="2021-10-26T10:04:44 IST" time="4.940" errors="0">
  <testcase name="main" time="4.940" classname="restAssuredDemo.RestAssuredAPICookies3"/>
  <system-out/>
</testsuite> <!-- restAssuredDemo.RestAssuredAPICookies3 -->
