<?xml version="1.0" encoding="UTF-8"?>
<!-- Generated by org.testng.reporters.JUnitReportReporter -->
<testsuite skipped="0" hostname="DESKTOP-FCM1MHD" name="Day3.TestNG_2" tests="5" failures="0" timestamp="2021-10-10T11:04:22 IST" time="0.027" errors="0">
  <testcase name="testMethod3" time="0.003" classname="Day3.TestNG_2"/>
  <system-out/>
  <testcase name="m2" time="0.008" classname="Day3.TestNG_2"/>
  <system-out/>
  <testcase name="testMethod2" time="0.008" classname="Day3.TestNG_2"/>
  <system-out/>
  <testcase name="m11" time="0.003" classname="Day3.TestNG_2"/>
  <system-out/>
  <testcase name="testMethod1" time="0.005" classname="Day3.TestNG_2"/>
  <system-out/>
</testsuite> <!-- Day3.TestNG_2 -->
