<?xml version="1.0" encoding="UTF-8"?>
<!-- Generated by org.testng.reporters.JUnitReportReporter -->
<testsuite skipped="0" hostname="DESKTOP-FCM1MHD" name="resrAssuredDemo.RestAssuredAPIDeSerialization" tests="1" failures="0" timestamp="2021-10-20T15:12:39 IST" time="4.364" errors="0">
  <testcase name="main" time="4.364" classname="resrAssuredDemo.RestAssuredAPIDeSerialization"/>
  <system-out/>
</testsuite> <!-- resrAssuredDemo.RestAssuredAPIDeSerialization -->
