<?xml version="1.0" encoding="UTF-8"?>
<!-- Generated by org.testng.reporters.JUnitReportReporter -->
<testsuite skipped="0" hostname="DESKTOP-FCM1MHD" name="restAssuredDemo.RestAssuredAPICookies" tests="1" failures="0" timestamp="2021-10-21T10:43:42 IST" time="4.957" errors="0">
  <testcase name="main" time="4.957" classname="restAssuredDemo.RestAssuredAPICookies"/>
  <system-out/>
</testsuite> <!-- restAssuredDemo.RestAssuredAPICookies -->
