<?xml version="1.0" encoding="UTF-8"?>
<!-- Generated by org.testng.reporters.JUnitReportReporter -->
<testsuite skipped="0" hostname="DESKTOP-FCM1MHD" name="Day3.TestNG_dataProvider2" tests="4" failures="0" timestamp="2021-10-10T11:04:22 IST" time="0.009" errors="0">
  <testcase name="testMethod2" time="0.002" classname="Day3.TestNG_dataProvider2"/>
  <system-out/>
  <testcase name="testMethod1" time="0.001" classname="Day3.TestNG_dataProvider2"/>
  <system-out/>
  <testcase name="testMethod3" time="0.002" classname="Day3.TestNG_dataProvider2"/>
  <system-out/>
  <testcase name="testMethod3" time="0.004" classname="Day3.TestNG_dataProvider2"/>
  <system-out/>
</testsuite> <!-- Day3.TestNG_dataProvider2 -->
