<?xml version="1.0" encoding="UTF-8"?>
<!-- Generated by org.testng.reporters.JUnitReportReporter -->
<testsuite skipped="0" hostname="DESKTOP-FCM1MHD" name="restAssuredAssignment.Tc01" tests="3" failures="0" timestamp="2021-10-27T17:41:25 IST" time="7.119" errors="0">
  <testcase name="TC003_AddNewCustomer" time="1.114" classname="restAssuredAssignment.Tc01"/>
  <system-out/>
  <testcase name="TC002_adminLogin" time="1.686" classname="restAssuredAssignment.Tc01"/>
  <system-out/>
  <testcase name="TC001_getAccessToken" time="4.319" classname="restAssuredAssignment.Tc01"/>
  <system-out/>
</testsuite> <!-- restAssuredAssignment.Tc01 -->
