<?xml version="1.0" encoding="UTF-8"?>
<!-- Generated by org.testng.reporters.JUnitReportReporter -->
<testsuite skipped="0" hostname="DESKTOP-FCM1MHD" name="restAssuredDemo.RestAssuredAPIPathJsonPayloadBDD" tests="1" failures="0" timestamp="2021-10-21T23:00:57 IST" time="4.127" errors="0">
  <testcase name="main" time="4.127" classname="restAssuredDemo.RestAssuredAPIPathJsonPayloadBDD"/>
  <system-out/>
</testsuite> <!-- restAssuredDemo.RestAssuredAPIPathJsonPayloadBDD -->
