<?xml version="1.0" encoding="UTF-8"?>
<!-- Generated by org.testng.reporters.JUnitReportReporter -->
<testsuite skipped="0" hostname="DESKTOP-FCM1MHD" name="restAssuredAssignment.Testcase003" tests="1" failures="0" timestamp="2021-10-27T09:57:13 IST" time="4.501" errors="0">
  <testcase name="TC001_getAccessToken" time="4.501" classname="restAssuredAssignment.Testcase003"/>
  <system-out/>
</testsuite> <!-- restAssuredAssignment.Testcase003 -->
