<?xml version="1.0" encoding="UTF-8"?>
<!-- Generated by org.testng.reporters.JUnitReportReporter -->
<testsuite skipped="0" hostname="DESKTOP-FCM1MHD" name="restAssuredDemo.RestAssuredAuthorizationOAuth$RestAssuredAuthorizatioOAuth" tests="1" failures="0" timestamp="2021-10-22T09:56:12 IST" time="6.619" errors="0">
  <testcase name="main" time="6.619" classname="restAssuredDemo.RestAssuredAuthorizationOAuth$RestAssuredAuthorizatioOAuth"/>
  <system-out/>
</testsuite> <!-- restAssuredDemo.RestAssuredAuthorizationOAuth$RestAssuredAuthorizatioOAuth -->
