<?xml version="1.0" encoding="UTF-8"?>
<!-- Generated by org.testng.reporters.JUnitReportReporter -->
<testsuite skipped="0" hostname="DESKTOP-FCM1MHD" name="restAssuredDemo.RestAssuredAPICookies2" tests="1" failures="0" timestamp="2021-10-24T23:00:30 IST" time="7.308" errors="0">
  <testcase name="main" time="7.308" classname="restAssuredDemo.RestAssuredAPICookies2"/>
  <system-out/>
</testsuite> <!-- restAssuredDemo.RestAssuredAPICookies2 -->
