<?xml version="1.0" encoding="UTF-8"?>
<!-- Generated by org.testng.reporters.JUnitReportReporter -->
<testsuite skipped="0" hostname="DESKTOP-FCM1MHD" name="resrAssuredDemo.FirstRestAssuredAPIwithHeader3" tests="1" failures="0" timestamp="2021-10-20T10:05:19 IST" time="4.725" errors="0">
  <testcase name="main" time="4.725" classname="resrAssuredDemo.FirstRestAssuredAPIwithHeader3"/>
  <system-out/>
</testsuite> <!-- resrAssuredDemo.FirstRestAssuredAPIwithHeader3 -->
