<?xml version="1.0" encoding="UTF-8"?>
<!-- Generated by org.testng.reporters.JUnitReportReporter -->
<testsuite skipped="0" hostname="DESKTOP-FCM1MHD" name="Day3.TestNG_3" tests="3" failures="0" timestamp="2021-10-10T11:49:00 IST" time="0.024" errors="0">
  <testcase name="testMethod3" time="0.014" classname="Day3.TestNG_3"/>
  <system-out/>
  <testcase name="testMethod1" time="0.007" classname="Day3.TestNG_3"/>
  <system-out/>
  <testcase name="testMethod2" time="0.003" classname="Day3.TestNG_3"/>
  <system-out/>
</testsuite> <!-- Day3.TestNG_3 -->
