<?xml version="1.0" encoding="UTF-8"?>
<!-- Generated by org.testng.reporters.JUnitReportReporter -->
<testsuite skipped="0" hostname="DESKTOP-FCM1MHD" name="restAssuredAssignment.Testcase002" tests="1" failures="0" timestamp="2021-10-26T19:37:40 IST" time="3.370" errors="0">
  <testcase name="logOut" time="3.370" classname="restAssuredAssignment.Testcase002"/>
  <system-out/>
</testsuite> <!-- restAssuredAssignment.Testcase002 -->
