<?xml version="1.0" encoding="UTF-8"?>
<!-- Generated by org.testng.reporters.JUnitReportReporter -->
<testsuite skipped="0" hostname="DESKTOP-FCM1MHD" name="restAssuredDemo.RestAssuredAPIloggerConditional" tests="1" failures="0" timestamp="2021-10-21T23:28:23 IST" time="3.619" errors="0">
  <testcase name="main" time="3.619" classname="restAssuredDemo.RestAssuredAPIloggerConditional"/>
  <system-out/>
</testsuite> <!-- restAssuredDemo.RestAssuredAPIloggerConditional -->
