<?xml version="1.0" encoding="UTF-8"?>
<!-- Generated by org.testng.reporters.JUnitReportReporter -->
<testsuite skipped="0" hostname="DESKTOP-FCM1MHD" name="restAssuredAssignment.Assignment" tests="3" failures="0" timestamp="2021-10-27T18:45:44 IST" time="8.091" errors="0">
  <testcase name="TestCase03_AddNewCustomer" time="1.083" classname="restAssuredAssignment.Assignment"/>
  <system-out/>
  <testcase name="TestCase01_getAccessToken" time="5.037" classname="restAssuredAssignment.Assignment"/>
  <system-out/>
  <testcase name="TestCase02_adminLogin" time="1.971" classname="restAssuredAssignment.Assignment"/>
  <system-out/>
</testsuite> <!-- restAssuredAssignment.Assignment -->
